0 info it worked if it ends with ok
1 verbose cli [ '/usr/bin/node',
1 verbose cli   '/usr/bin/npm',
1 verbose cli   'install',
1 verbose cli   'pm2',
1 verbose cli   '-g',
1 verbose cli   '--unsafe-perm' ]
2 info using npm@1.4.28
3 info using node@v0.10.32
4 verbose node symlink /usr/bin/node
5 verbose cache add [ 'pm2', null ]
6 verbose cache add name=undefined spec="pm2" args=["pm2",null]
7 verbose parsed url { protocol: null,
7 verbose parsed url   slashes: null,
7 verbose parsed url   auth: null,
7 verbose parsed url   host: null,
7 verbose parsed url   port: null,
7 verbose parsed url   hostname: null,
7 verbose parsed url   hash: null,
7 verbose parsed url   search: null,
7 verbose parsed url   query: null,
7 verbose parsed url   pathname: 'pm2',
7 verbose parsed url   path: 'pm2',
7 verbose parsed url   href: 'pm2' }
8 silly lockFile b1fbedd8-pm2 pm2
9 verbose lock pm2 /home/athithan/.npm/b1fbedd8-pm2.lock
10 silly lockFile b1fbedd8-pm2 pm2
11 silly lockFile b1fbedd8-pm2 pm2
12 verbose addNamed [ 'pm2', '' ]
13 verbose addNamed [ null, '*' ]
14 silly lockFile d1072219-pm2 pm2@
15 verbose lock pm2@ /home/athithan/.npm/d1072219-pm2.lock
16 silly addNameRange { name: 'pm2', range: '*', hasData: false }
17 verbose request where is /pm2
18 verbose request registry https://registry.npmjs.org/
19 verbose request id 2c3194440be2371e
20 verbose url raw /pm2
21 verbose url resolving [ 'https://registry.npmjs.org/', './pm2' ]
22 verbose url resolved https://registry.npmjs.org/pm2
23 verbose request where is https://registry.npmjs.org/pm2
24 info trying registry request attempt 1 at 14:02:53
25 verbose etag "Q7IX1X480H1Y62NBBTZ01REQ"
26 http GET https://registry.npmjs.org/pm2
27 http 304 https://registry.npmjs.org/pm2
28 silly registry.get cb [ 304,
28 silly registry.get   { date: 'Wed, 05 Nov 2014 13:02:54 GMT',
28 silly registry.get     server: 'Apache',
28 silly registry.get     via: '1.1 varnish',
28 silly registry.get     'last-modified': 'Wed, 05 Nov 2014 13:02:54 GMT',
28 silly registry.get     'cache-control': 'max-age=60',
28 silly registry.get     etag: '"Q7IX1X480H1Y62NBBTZ01REQ"',
28 silly registry.get     age: '19',
28 silly registry.get     'x-served-by': 'cache-fra1231-FRA',
28 silly registry.get     'x-cache': 'HIT',
28 silly registry.get     'x-cache-hits': '1',
28 silly registry.get     'x-timer': 'S1415192574.007645,VS0,VE1',
28 silly registry.get     vary: 'Accept',
28 silly registry.get     'content-length': '0',
28 silly registry.get     'keep-alive': 'timeout=10, max=50',
28 silly registry.get     connection: 'Keep-Alive' } ]
29 verbose etag https://registry.npmjs.org/pm2 from cache
30 silly addNameRange number 2 { name: 'pm2', range: '*', hasData: true }
31 silly addNameRange versions [ 'pm2',
31 silly addNameRange   [ '0.4.0',
31 silly addNameRange     '0.4.1',
31 silly addNameRange     '0.4.2',
31 silly addNameRange     '0.4.3',
31 silly addNameRange     '0.4.4',
31 silly addNameRange     '0.4.5',
31 silly addNameRange     '0.4.6',
31 silly addNameRange     '0.4.7',
31 silly addNameRange     '0.4.8',
31 silly addNameRange     '0.4.10',
31 silly addNameRange     '0.4.11',
31 silly addNameRange     '0.4.12',
31 silly addNameRange     '0.4.13',
31 silly addNameRange     '0.4.14',
31 silly addNameRange     '0.5.0',
31 silly addNameRange     '0.5.1',
31 silly addNameRange     '0.5.2',
31 silly addNameRange     '0.5.3',
31 silly addNameRange     '0.5.4',
31 silly addNameRange     '0.5.5',
31 silly addNameRange     '0.5.6',
31 silly addNameRange     '0.5.7',
31 silly addNameRange     '0.6.2',
31 silly addNameRange     '0.6.3',
31 silly addNameRange     '0.6.4',
31 silly addNameRange     '0.6.5',
31 silly addNameRange     '0.6.6',
31 silly addNameRange     '0.6.7',
31 silly addNameRange     '0.6.8',
31 silly addNameRange     '0.6.9',
31 silly addNameRange     '0.6.10',
31 silly addNameRange     '0.6.11',
31 silly addNameRange     '0.6.12',
31 silly addNameRange     '0.6.13',
31 silly addNameRange     '0.6.14',
31 silly addNameRange     '0.6.15',
31 silly addNameRange     '0.7.0',
31 silly addNameRange     '0.7.1',
31 silly addNameRange     '0.7.2',
31 silly addNameRange     '0.7.3',
31 silly addNameRange     '0.7.4',
31 silly addNameRange     '0.7.5',
31 silly addNameRange     '0.7.6',
31 silly addNameRange     '0.7.7',
31 silly addNameRange     '0.7.8',
31 silly addNameRange     '0.8.0',
31 silly addNameRange     '0.8.1',
31 silly addNameRange     '0.8.2',
31 silly addNameRange     '0.8.3',
31 silly addNameRange     '0.8.4',
31 silly addNameRange     '0.8.5',
31 silly addNameRange     '0.8.6',
31 silly addNameRange     '0.8.7',
31 silly addNameRange     '0.8.8',
31 silly addNameRange     '0.8.9',
31 silly addNameRange     '0.8.10',
31 silly addNameRange     '0.8.11',
31 silly addNameRange     '0.8.12',
31 silly addNameRange     '0.8.13',
31 silly addNameRange     '0.8.14',
31 silly addNameRange     '0.8.15',
31 silly addNameRange     '0.9.0',
31 silly addNameRange     '0.9.1',
31 silly addNameRange     '0.9.2',
31 silly addNameRange     '0.9.3',
31 silly addNameRange     '0.9.4',
31 silly addNameRange     '0.9.5',
31 silly addNameRange     '0.9.6',
31 silly addNameRange     '0.10.0-beta1',
31 silly addNameRange     '0.10.0-beta2',
31 silly addNameRange     '0.10.0-beta4',
31 silly addNameRange     '0.10.0-beta5',
31 silly addNameRange     '0.10.0-beta6',
31 silly addNameRange     '0.10.0-beta7',
31 silly addNameRange     '0.10.0-beta8',
31 silly addNameRange     '0.10.0-beta9',
31 silly addNameRange     '0.10.0-beta10',
31 silly addNameRange     '0.10.0-beta11',
31 silly addNameRange     '0.10.0-beta12',
31 silly addNameRange     '0.10.0-beta13',
31 silly addNameRange     '0.10.0-beta14',
31 silly addNameRange     '0.10.0-beta15',
31 silly addNameRange     '0.10.0-beta16',
31 silly addNameRange     '0.10.0-beta17',
31 silly addNameRange     '0.10.0-beta18',
31 silly addNameRange     '0.10.0-beta19',
31 silly addNameRange     '0.10.0-beta20',
31 silly addNameRange     '0.10.0-beta21',
31 silly addNameRange     '0.10.0-beta22',
31 silly addNameRange     '0.10.0-beta23',
31 silly addNameRange     '0.10.0-beta25',
31 silly addNameRange     '0.10.0',
31 silly addNameRange     '0.10.1',
31 silly addNameRange     '0.10.2',
31 silly addNameRange     '0.10.3',
31 silly addNameRange     '0.10.4',
31 silly addNameRange     '0.10.5',
31 silly addNameRange     '0.10.6',
31 silly addNameRange     '0.10.7',
31 silly addNameRange     '0.10.8',
31 silly addNameRange     '0.11.0-beta1',
31 silly addNameRange     '0.11.0',
31 silly addNameRange     '0.11.1' ] ]
32 verbose addNamed [ 'pm2', '0.11.1' ]
33 verbose addNamed [ '0.11.1', '0.11.1' ]
34 silly lockFile 02f62d68-pm2-0-11-1 pm2@0.11.1
35 verbose lock pm2@0.11.1 /home/athithan/.npm/02f62d68-pm2-0-11-1.lock
36 silly lockFile 02f62d68-pm2-0-11-1 pm2@0.11.1
37 silly lockFile 02f62d68-pm2-0-11-1 pm2@0.11.1
38 silly lockFile d1072219-pm2 pm2@
39 silly lockFile d1072219-pm2 pm2@
40 silly resolved [ { name: 'pm2',
40 silly resolved     preferGlobal: 'true',
40 silly resolved     version: '0.11.1',
40 silly resolved     os: [ '!win32' ],
40 silly resolved     engines: { node: '>=0.10' },
40 silly resolved     directories: { bin: './bin', lib: './lib', example: './examples' },
40 silly resolved     author:
40 silly resolved      { name: 'Strzelewicz Alexandre',
40 silly resolved        email: 'as@unitech.io',
40 silly resolved        url: 'http://pm2.io' },
40 silly resolved     maintainers: [ [Object] ],
40 silly resolved     contributors:
40 silly resolved      [ [Object],
40 silly resolved        [Object],
40 silly resolved        [Object],
40 silly resolved        [Object],
40 silly resolved        [Object],
40 silly resolved        [Object],
40 silly resolved        [Object],
40 silly resolved        [Object],
40 silly resolved        [Object],
40 silly resolved        [Object] ],
40 silly resolved     homepage: 'https://github.com/Unitech/pm2',
40 silly resolved     description: 'Modern CLI process manager for Node apps with a builtin load-balancer. Perfectly designed for microservices architecture.',
40 silly resolved     main: 'index.js',
40 silly resolved     scripts:
40 silly resolved      { test: 'NODE_ENV=test bash test/index.sh && NODE_ENV=test bash test/main.sh',
40 silly resolved        preinstall: 'bash ./scripts/preinstall.sh',
40 silly resolved        postinstall: 'bash ./scripts/postinstall.sh' },
40 silly resolved     keywords:
40 silly resolved      [ 'cli',
40 silly resolved        'fault tolerant',
40 silly resolved        'sysadmin',
40 silly resolved        'tools',
40 silly resolved        'pm2',
40 silly resolved        'logs',
40 silly resolved        'log',
40 silly resolved        'json',
40 silly resolved        'express',
40 silly resolved        'hapi',
40 silly resolved        'kraken',
40 silly resolved        'reload',
40 silly resolved        'microservice',
40 silly resolved        'programmatic',
40 silly resolved        'harmony',
40 silly resolved        'node-pm2',
40 silly resolved        'production',
40 silly resolved        'keymetrics',
40 silly resolved        'deploy',
40 silly resolved        'deployment',
40 silly resolved        'daemon',
40 silly resolved        'supervisor',
40 silly resolved        'nodemon',
40 silly resolved        'pm2.io',
40 silly resolved        'ghost',
40 silly resolved        'ghost production',
40 silly resolved        'monitoring',
40 silly resolved        'process manager',
40 silly resolved        'forever',
40 silly resolved        'forever-monitor',
40 silly resolved        'keep process alive',
40 silly resolved        'process configuration',
40 silly resolved        'clustering',
40 silly resolved        'cluster cli',
40 silly resolved        'cluster',
40 silly resolved        'cron',
40 silly resolved        'devops',
40 silly resolved        'dev ops' ],
40 silly resolved     bin: { pm2: './bin/pm2' },
40 silly resolved     dependencies:
40 silly resolved      { async: '~0.9.0',
40 silly resolved        chalk: '~0.5.1',
40 silly resolved        chokidar: '0.9.0',
40 silly resolved        'cli-table': '0.3.0',
40 silly resolved        'coffee-script': '1.8.0',
40 silly resolved        colors: '0.6.2',
40 silly resolved        commander: '2.3.0',
40 silly resolved        cron: '1.0.4',
40 silly resolved        debug: '2.0.0',
40 silly resolved        eventemitter2: '0.4.14',
40 silly resolved        'json-stringify-safe': '5.0.0',
40 silly resolved        moment: '~2.8.2',
40 silly resolved        nssocket: '0.5.1',
40 silly resolved        pidusage: '0.1.0',
40 silly resolved        axm: '0.2.13',
40 silly resolved        'pm2-axon': '2.0.7',
40 silly resolved        'pm2-axon-rpc': '0.3.6',
40 silly resolved        'pm2-deploy': '~0.1.0',
40 silly resolved        'pm2-interface': '2.0.4',
40 silly resolved        'pm2-multimeter': '0.1.2',
40 silly resolved        'pm2-rpc-fallback': '3.0.9',
40 silly resolved        vizionar: '^0.1.0',
40 silly resolved        punt: '2.2.0',
40 silly resolved        'uid-number': '0.0.5',
40 silly resolved        'pm2-logs': '~0.1.1',
40 silly resolved        ikt: 'git+http://ikt.pm2.io/ikt.git#master' },
40 silly resolved     devDependencies:
40 silly resolved      { mocha: '^1.20.1',
40 silly resolved        should: '^4.0.0',
40 silly resolved        'better-assert': '^1.0.0',
40 silly resolved        'promise-spawner': '^0.0.3' },
40 silly resolved     optionalDependencies:
40 silly resolved      { 'pm2-logs': '~0.1.1',
40 silly resolved        ikt: 'git+http://ikt.pm2.io/ikt.git#master' },
40 silly resolved     bugs: { url: 'https://github.com/Unitech/pm2/issues' },
40 silly resolved     repository: { type: 'git', url: 'git://github.com/Unitech/pm2.git' },
40 silly resolved     license: 'AGPLv3',
40 silly resolved     gitHead: 'ddd8290432e7d9df13980729f254ae577c44c700',
40 silly resolved     _id: 'pm2@0.11.1',
40 silly resolved     _shasum: '700dd114d65b1076e5948f9ff6cef37fa0428c48',
40 silly resolved     _from: 'pm2@',
40 silly resolved     _npmVersion: '2.0.0',
40 silly resolved     _npmUser: { name: 'tknew', email: 'strzelewicz.alexandre@gmail.com' },
40 silly resolved     dist:
40 silly resolved      { shasum: '700dd114d65b1076e5948f9ff6cef37fa0428c48',
40 silly resolved        tarball: 'http://registry.npmjs.org/pm2/-/pm2-0.11.1.tgz' },
40 silly resolved     _resolved: 'https://registry.npmjs.org/pm2/-/pm2-0.11.1.tgz',
40 silly resolved     readme: 'ERROR: No README data found!' } ]
41 info install pm2@0.11.1 into /usr/local/lib
42 info installOne pm2@0.11.1
43 verbose lib/node_modules/pm2 unbuild
44 verbose tar unpack /home/athithan/.npm/pm2/0.11.1/package.tgz
45 silly lockFile a4481f10-r-usr-local-lib-node-modules-pm2 tar:///usr/local/lib/node_modules/pm2
46 verbose lock tar:///usr/local/lib/node_modules/pm2 /home/athithan/.npm/a4481f10-r-usr-local-lib-node-modules-pm2.lock
47 silly lockFile 98a1ddcc-ithan-npm-pm2-0-11-1-package-tgz tar:///home/athithan/.npm/pm2/0.11.1/package.tgz
48 verbose lock tar:///home/athithan/.npm/pm2/0.11.1/package.tgz /home/athithan/.npm/98a1ddcc-ithan-npm-pm2-0-11-1-package-tgz.lock
49 silly gunzTarPerm modes [ '775', '664' ]
50 error Error: EACCES, mkdir '/usr/local/lib/node_modules/pm2'
50 error  { [Error: EACCES, mkdir '/usr/local/lib/node_modules/pm2']
50 error   errno: 3,
50 error   code: 'EACCES',
50 error   path: '/usr/local/lib/node_modules/pm2',
50 error   fstream_type: 'Directory',
50 error   fstream_path: '/usr/local/lib/node_modules/pm2',
50 error   fstream_class: 'DirWriter',
50 error   fstream_stack:
50 error    [ '/usr/lib/node_modules/npm/node_modules/fstream/lib/dir-writer.js:36:23',
50 error      '/usr/lib/node_modules/npm/node_modules/mkdirp/index.js:46:53',
50 error      'Object.oncomplete (fs.js:107:15)' ] }
51 error Please try running this command again as root/Administrator.
52 error System Linux 3.13.0-27-generic
53 error command "/usr/bin/node" "/usr/bin/npm" "install" "pm2" "-g" "--unsafe-perm"
54 error cwd /home/athithan/Desktop/peseko-desktop-app
55 error node -v v0.10.32
56 error npm -v 1.4.28
57 error path /usr/local/lib/node_modules/pm2
58 error fstream_path /usr/local/lib/node_modules/pm2
59 error fstream_type Directory
60 error fstream_class DirWriter
61 error code EACCES
62 error errno 3
63 error stack Error: EACCES, mkdir '/usr/local/lib/node_modules/pm2'
64 error fstream_stack /usr/lib/node_modules/npm/node_modules/fstream/lib/dir-writer.js:36:23
64 error fstream_stack /usr/lib/node_modules/npm/node_modules/mkdirp/index.js:46:53
64 error fstream_stack Object.oncomplete (fs.js:107:15)
65 verbose exit [ 3, true ]
